<?xml version="1.0" encoding="UTF-8"?>
<!-- Generated by org.testng.reporters.JUnitXMLReporter -->
<testsuite ignored="7" hostname="Shraddha" failures="4" tests="4" name="Grouping Test" time="21.644" errors="0" timestamp="2023-12-12T16:41:13 GMT">
  <testcase classname="com.tutorialsninja.demo.testsuite.TopMenuTest" name="verifyUserShouldNavigateToDesktopsPageSuccessfully" time="0.013">
    <failure type="java.lang.NullPointerException" message="Cannot invoke &amp;quot;com.tutorialsninja.demo.pages.HomePage.mouseHoverOnDesktopsLink()&amp;quot; because &amp;quot;this.homePage&amp;quot; is null">
      <![CDATA[java.lang.NullPointerException: Cannot invoke "com.tutorialsninja.demo.pages.HomePage.mouseHoverOnDesktopsLink()" because "this.homePage" is null
at com.tutorialsninja.demo.testsuite.TopMenuTest.verifyUserShouldNavigateToDesktopsPageSuccessfully(TopMenuTest.java:30)
at java.base/java.util.ArrayList.forEach(ArrayList.java:1511)
at com.intellij.rt.testng.IDEARemoteTestNG.run(IDEARemoteTestNG.java:66)
at com.intellij.rt.testng.RemoteTestNGStarter.main(RemoteTestNGStarter.java:105)
... Removed 24 stack frames]]>
    </failure>
  </testcase> <!-- verifyUserShouldNavigateToDesktopsPageSuccessfully -->
  <testcase classname="com.tutorialsninja.demo.testsuite.DesktopsTest" name="verifyProductArrangeInAlphabeticalOrder" time="0.001">
    <failure type="java.lang.NullPointerException" message="Cannot invoke &amp;quot;com.tutorialsninja.demo.pages.HomePage.mouseHoverOnDesktopsLink()&amp;quot; because &amp;quot;this.homePage&amp;quot; is null">
      <![CDATA[java.lang.NullPointerException: Cannot invoke "com.tutorialsninja.demo.pages.HomePage.mouseHoverOnDesktopsLink()" because "this.homePage" is null
at com.tutorialsninja.demo.testsuite.DesktopsTest.verifyProductArrangeInAlphabeticalOrder(DesktopsTest.java:30)
at java.base/java.util.ArrayList.forEach(ArrayList.java:1511)
at com.intellij.rt.testng.IDEARemoteTestNG.run(IDEARemoteTestNG.java:66)
at com.intellij.rt.testng.RemoteTestNGStarter.main(RemoteTestNGStarter.java:105)
... Removed 24 stack frames]]>
    </failure>
  </testcase> <!-- verifyProductArrangeInAlphabeticalOrder -->
  <testcase classname="com.tutorialsninja.demo.testsuite.LapTopsAndNoteBooksTest" name="verifyProductsPriceDisplayHighToLowSuccessfully" time="0.003">
    <failure type="java.lang.NullPointerException" message="Cannot invoke &amp;quot;com.tutorialsninja.demo.pages.HomePage.mouseHoverOnLaptopAndNotebooksLink()&amp;quot; because &amp;quot;this.homePage&amp;quot; is null">
      <![CDATA[java.lang.NullPointerException: Cannot invoke "com.tutorialsninja.demo.pages.HomePage.mouseHoverOnLaptopAndNotebooksLink()" because "this.homePage" is null
at com.tutorialsninja.demo.testsuite.LapTopsAndNoteBooksTest.verifyProductsPriceDisplayHighToLowSuccessfully(LapTopsAndNoteBooksTest.java:33)
at java.base/java.util.ArrayList.forEach(ArrayList.java:1511)
at com.intellij.rt.testng.IDEARemoteTestNG.run(IDEARemoteTestNG.java:66)
at com.intellij.rt.testng.RemoteTestNGStarter.main(RemoteTestNGStarter.java:105)
... Removed 24 stack frames]]>
    </failure>
  </testcase> <!-- verifyProductsPriceDisplayHighToLowSuccessfully -->
  <testcase classname="com.tutorialsninja.demo.testsuite.MyAccountTest" name="verifyUserShouldNavigateToRegisterPageSuccessfully" time="0.0">
    <failure type="java.lang.NullPointerException" message="Cannot invoke &amp;quot;com.tutorialsninja.demo.pages.HomePage.clickOnMyAccountLink()&amp;quot; because &amp;quot;this.homePage&amp;quot; is null">
      <![CDATA[java.lang.NullPointerException: Cannot invoke "com.tutorialsninja.demo.pages.HomePage.clickOnMyAccountLink()" because "this.homePage" is null
at com.tutorialsninja.demo.testsuite.MyAccountTest.verifyUserShouldNavigateToRegisterPageSuccessfully(MyAccountTest.java:25)
at java.base/java.util.ArrayList.forEach(ArrayList.java:1511)
at com.intellij.rt.testng.IDEARemoteTestNG.run(IDEARemoteTestNG.java:66)
at com.intellij.rt.testng.RemoteTestNGStarter.main(RemoteTestNGStarter.java:105)
... Removed 24 stack frames]]>
    </failure>
  </testcase> <!-- verifyUserShouldNavigateToRegisterPageSuccessfully -->
  <testcase classname="com.tutorialsninja.demo.testsuite.DesktopsTest" name="verifyProductAddedToShoppingCartSuccessFully" time="0.0">
    <ignored/>
  </testcase> <!-- verifyProductAddedToShoppingCartSuccessFully -->
  <testcase classname="com.tutorialsninja.demo.testsuite.MyAccountTest" name="verifyThatUserRegisterAccountSuccessfully" time="0.0">
    <ignored/>
  </testcase> <!-- verifyThatUserRegisterAccountSuccessfully -->
  <testcase classname="com.tutorialsninja.demo.testsuite.MyAccountTest" name="verifyUserShouldNavigateToLoginPageSuccessfully" time="0.0">
    <ignored/>
  </testcase> <!-- verifyUserShouldNavigateToLoginPageSuccessfully -->
  <testcase classname="com.tutorialsninja.demo.testsuite.TopMenuTest" name="verifyUserShouldNavigateToComponentsPageSuccessfully" time="0.0">
    <ignored/>
  </testcase> <!-- verifyUserShouldNavigateToComponentsPageSuccessfully -->
  <testcase classname="com.tutorialsninja.demo.testsuite.LapTopsAndNoteBooksTest" name="verifyThatUserPlaceOrderSuccessfully" time="0.0">
    <ignored/>
  </testcase> <!-- verifyThatUserPlaceOrderSuccessfully -->
  <testcase classname="com.tutorialsninja.demo.testsuite.MyAccountTest" name="verifyThatUserShouldLoginAndLogoutSuccessfully" time="0.0">
    <ignored/>
  </testcase> <!-- verifyThatUserShouldLoginAndLogoutSuccessfully -->
  <testcase classname="com.tutorialsninja.demo.testsuite.TopMenuTest" name="verifyUserShouldNavigateToLaptopsAndNotebooksPageSuccessfully" time="0.0">
    <ignored/>
  </testcase> <!-- verifyUserShouldNavigateToLaptopsAndNotebooksPageSuccessfully -->
</testsuite> <!-- Grouping Test -->
